2026-07-20 17:08:15.849 [HikariPool-2 housekeeper] WARN  com.zaxxer.hikari.pool.HikariPool -
				HikariPool-2 - Thread starvation or clock leap detected (housekeeper delta=17h35m33s870ms68µs).
2026-07-20 17:08:41.622 [RMI TCP Connection(8)-127.0.0.1] INFO  o.s.b.a.SpringApplicationAdminMXBeanRegistrar$SpringApplicationAdmin -
				Application shutdown requested.
2026-07-20 17:08:41.645 [RMI TCP Connection(8)-127.0.0.1] INFO  o.s.b.w.e.tomcat.GracefulShutdown -
				Commencing graceful shutdown. Waiting for active requests to complete
2026-07-20 17:08:41.648 [tomcat-shutdown] INFO  o.a.coyote.http11.Http11NioProtocol -
				Pausing ProtocolHandler ["http-nio-8080"]
2026-07-20 17:08:41.712 [tomcat-shutdown] INFO  o.s.b.w.e.tomcat.GracefulShutdown -
				Graceful shutdown complete
2026-07-20 17:08:41.714 [RMI TCP Connection(8)-127.0.0.1] INFO  o.a.coyote.http11.Http11NioProtocol -
				Stopping ProtocolHandler ["http-nio-8080"]
2026-07-20 17:08:41.727 [RMI TCP Connection(8)-127.0.0.1] INFO  o.s.o.j.LocalContainerEntityManagerFactoryBean -
				Closing JPA EntityManagerFactory for persistence unit 'default'
2026-07-20 17:08:41.732 [RMI TCP Connection(8)-127.0.0.1] INFO  com.zaxxer.hikari.HikariDataSource -
				HikariPool-2 - Shutdown initiated...
2026-07-20 17:08:41.744 [RMI TCP Connection(8)-127.0.0.1] INFO  com.zaxxer.hikari.HikariDataSource -
				HikariPool-2 - Shutdown completed.
2026-07-20 18:15:09.763 [background-preinit] INFO  o.h.validator.internal.util.Version -
				HV000001: Hibernate Validator 8.0.1.Final
2026-07-20 18:15:09.839 [main] INFO  c.d.b.r.CategoryRepositoryTest -
				Starting CategoryRepositoryTest using Java 19.0.1 with PID 7064 (started by deepa in C:\Users\deepa\git\product-handler-Spring-boot-practice-\productHandler)
2026-07-20 18:15:09.841 [main] INFO  c.d.b.r.CategoryRepositoryTest -
				No active profile set, falling back to 1 default profile: "default"
2026-07-20 18:15:10.497 [main] INFO  o.s.d.r.c.RepositoryConfigurationDelegate -
				Bootstrapping Spring Data JPA repositories in DEFAULT mode.
2026-07-20 18:15:10.644 [main] INFO  o.s.d.r.c.RepositoryConfigurationDelegate -
				Finished Spring Data repository scanning in 124 ms. Found 3 JPA repository interfaces.
2026-07-20 18:15:10.749 [main] INFO  o.s.b.t.a.j.TestDatabaseAutoConfiguration$EmbeddedDataSourceBeanFactoryPostProcessor -
				Replacing 'dataSource' DataSource bean with embedded version
2026-07-20 18:15:11.010 [main] INFO  o.s.j.d.e.EmbeddedDatabaseFactory -
				Starting embedded database: url='jdbc:h2:mem:e9652653-e0e4-4c21-8f75-0bf1711c2696;DB_CLOSE_DELAY=-1;DB_CLOSE_ON_EXIT=false', username='sa'
2026-07-20 18:15:11.281 [main] INFO  o.h.jpa.internal.util.LogHelper -
				HHH000204: Processing PersistenceUnitInfo [name: default]
2026-07-20 18:15:11.361 [main] INFO  org.hibernate.Version -
				HHH000412: Hibernate ORM core version 6.6.2.Final
2026-07-20 18:15:11.395 [main] INFO  o.h.c.i.RegionFactoryInitiator -
				HHH000026: Second-level cache disabled
2026-07-20 18:15:11.845 [main] INFO  o.s.o.j.p.SpringPersistenceUnitInfo -
				No LoadTimeWeaver setup: ignoring JPA class transformer
2026-07-20 18:15:11.908 [main] WARN  org.hibernate.orm.deprecation -
				HHH90000025: H2Dialect does not need to be specified explicitly using 'hibernate.dialect' (remove the property setting and it will be selected by default)
2026-07-20 18:15:11.932 [main] INFO  o.hibernate.orm.connections.pooling -
				HHH10001005: Database info:
	Database JDBC URL [Connecting through datasource 'org.springframework.jdbc.datasource.embedded.EmbeddedDatabaseFactory$EmbeddedDataSourceProxy@5f61e002']
	Database driver: undefined/unknown
	Database version: 2.4.240
	Autocommit mode: undefined/unknown
	Isolation level: undefined/unknown
	Minimum pool size: undefined/unknown
	Maximum pool size: undefined/unknown
2026-07-20 18:15:13.019 [main] INFO  o.h.e.t.j.p.i.JtaPlatformInitiator -
				HHH000489: No JTA platform available (set 'hibernate.transaction.jta.platform' to enable JTA platform integration)
2026-07-20 18:15:13.077 [main] INFO  o.s.o.j.LocalContainerEntityManagerFactoryBean -
				Initialized JPA EntityManagerFactory for persistence unit 'default'
2026-07-20 18:15:13.723 [main] INFO  c.d.b.r.CategoryRepositoryTest -
				Started CategoryRepositoryTest in 4.578 seconds (process running for 6.003)
2026-07-20 18:15:14.506 [SpringApplicationShutdownHook] INFO  o.s.o.j.LocalContainerEntityManagerFactoryBean -
				Closing JPA EntityManagerFactory for persistence unit 'default'
